<?xml version="1.0" encoding="UTF-8"?>
<coverage generated="1549556350128" clover="3.2.0">
  <project timestamp="1549556350128" name="All files">
    <metrics statements="55" coveredstatements="55" conditionals="37" coveredconditionals="37" methods="21" coveredmethods="20" elements="113" coveredelements="112" complexity="0" loc="55" ncloc="55" packages="1" files="2" classes="2"/>
    <file name="hktw_mahjong.js" path="/home/samuel/Desktop/projects/mahjong/src/utils/hktw_mahjong.js">
      <metrics statements="48" coveredstatements="48" conditionals="27" coveredconditionals="27" methods="16" coveredmethods="15"/>
      <line num="1" count="2" type="stmt"/>
      <line num="2" count="2" type="stmt"/>
      <line num="4" count="2" type="stmt"/>
      <line num="9" count="2" type="stmt"/>
      <line num="22" count="10" type="cond" truecount="3" falsecount="0"/>
      <line num="27" count="85" type="cond" truecount="3" falsecount="0"/>
      <line num="28" count="85" type="cond" truecount="2" falsecount="0"/>
      <line num="30" count="5" type="cond" truecount="2" falsecount="0"/>
      <line num="35" count="5" type="stmt"/>
      <line num="36" count="5" type="stmt"/>
      <line num="37" count="5" type="stmt"/>
      <line num="39" count="5" type="stmt"/>
      <line num="40" count="5" type="stmt"/>
      <line num="42" count="5" type="stmt"/>
      <line num="43" count="5" type="stmt"/>
      <line num="45" count="5" type="cond" truecount="2" falsecount="0"/>
      <line num="46" count="3" type="stmt"/>
      <line num="47" count="3" type="stmt"/>
      <line num="48" count="2" type="cond" truecount="2" falsecount="0"/>
      <line num="49" count="1" type="stmt"/>
      <line num="50" count="1" type="stmt"/>
      <line num="53" count="5" type="stmt"/>
      <line num="58" count="5" type="stmt"/>
      <line num="59" count="60" type="stmt"/>
      <line num="60" count="20" type="stmt"/>
      <line num="63" count="20" type="stmt"/>
      <line num="66" count="5" type="stmt"/>
      <line num="68" count="5" type="stmt"/>
      <line num="69" count="5" type="stmt"/>
      <line num="71" count="5" type="cond" truecount="2" falsecount="0"/>
      <line num="73" count="3" type="stmt"/>
      <line num="74" count="12" type="stmt"/>
      <line num="75" count="48" type="cond" truecount="5" falsecount="0"/>
      <line num="78" count="1" type="stmt"/>
      <line num="79" count="1" type="stmt"/>
      <line num="84" count="3" type="stmt"/>
      <line num="85" count="36" type="stmt"/>
      <line num="87" count="12" type="stmt"/>
      <line num="88" count="3" type="stmt"/>
      <line num="91" count="5" type="stmt"/>
      <line num="92" count="20" type="stmt"/>
      <line num="93" count="80" type="cond" truecount="4" falsecount="0"/>
      <line num="94" count="5" type="cond" truecount="2" falsecount="0"/>
      <line num="96" count="1" type="stmt"/>
      <line num="98" count="5" type="stmt"/>
      <line num="99" count="5" type="stmt"/>
      <line num="104" count="5" type="stmt"/>
      <line num="110" count="2" type="stmt"/>
    </file>
    <file name="index.js" path="/home/samuel/Desktop/projects/mahjong/src/utils/index.js">
      <metrics statements="7" coveredstatements="7" conditionals="10" coveredconditionals="10" methods="5" coveredmethods="5"/>
      <line num="1" count="2" type="stmt"/>
      <line num="39" count="96" type="cond" truecount="2" falsecount="0"/>
      <line num="43" count="93" type="cond" truecount="2" falsecount="0"/>
      <line num="47" count="217" type="cond" truecount="2" falsecount="0"/>
      <line num="51" count="86" type="cond" truecount="2" falsecount="0"/>
      <line num="55" count="80" type="cond" truecount="2" falsecount="0"/>
      <line num="58" count="2" type="stmt"/>
    </file>
  </project>
</coverage>
