{"/home/samuel/Desktop/projects/mahjong/src/utils/hktw_mahjong.js": {"path":"/home/samuel/Desktop/projects/mahjong/src/utils/hktw_mahjong.js","statementMap":{"0":{"start":{"line":1,"column":10},"end":{"line":1,"column":27}},"1":{"start":{"line":2,"column":65},"end":{"line":2,"column":77}},"2":{"start":{"line":4,"column":15},"end":{"line":7,"column":1}},"3":{"start":{"line":9,"column":20},"end":{"line":18,"column":1}},"4":{"start":{"line":22,"column":2},"end":{"line":22,"column":80}},"5":{"start":{"line":27,"column":22},"end":{"line":27,"column":94}},"6":{"start":{"line":27,"column":43},"end":{"line":27,"column":93}},"7":{"start":{"line":28,"column":22},"end":{"line":28,"column":74}},"8":{"start":{"line":28,"column":43},"end":{"line":28,"column":73}},"9":{"start":{"line":30,"column":2},"end":{"line":30,"column":54}},"10":{"start":{"line":35,"column":24},"end":{"line":35,"column":42}},"11":{"start":{"line":36,"column":2},"end":{"line":36,"column":31}},"12":{"start":{"line":37,"column":16},"end":{"line":37,"column":18}},"13":{"start":{"line":39,"column":2},"end":{"line":39,"column":38}},"14":{"start":{"line":40,"column":2},"end":{"line":40,"column":40}},"15":{"start":{"line":42,"column":16},"end":{"line":42,"column":18}},"16":{"start":{"line":43,"column":14},"end":{"line":43,"column":15}},"17":{"start":{"line":45,"column":2},"end":{"line":51,"column":3}},"18":{"start":{"line":46,"column":4},"end":{"line":46,"column":34}},"19":{"start":{"line":47,"column":4},"end":{"line":47,"column":35}},"20":{"start":{"line":48,"column":9},"end":{"line":51,"column":3}},"21":{"start":{"line":49,"column":4},"end":{"line":49,"column":35}},"22":{"start":{"line":50,"column":4},"end":{"line":50,"column":36}},"23":{"start":{"line":53,"column":2},"end":{"line":53,"column":27}},"24":{"start":{"line":58,"column":4},"end":{"line":60,"column":29}},"25":{"start":{"line":59,"column":28},"end":{"line":59,"column":81}},"26":{"start":{"line":59,"column":62},"end":{"line":59,"column":80}},"27":{"start":{"line":60,"column":19},"end":{"line":60,"column":28}},"28":{"start":{"line":63,"column":4},"end":{"line":63,"column":46}},"29":{"start":{"line":63,"column":36},"end":{"line":63,"column":45}},"30":{"start":{"line":66,"column":20},"end":{"line":66,"column":47}},"31":{"start":{"line":68,"column":26},"end":{"line":68,"column":68}},"32":{"start":{"line":69,"column":25},"end":{"line":69,"column":55}},"33":{"start":{"line":71,"column":2},"end":{"line":89,"column":3}},"34":{"start":{"line":73,"column":4},"end":{"line":82,"column":5}},"35":{"start":{"line":73,"column":25},"end":{"line":73,"column":26}},"36":{"start":{"line":74,"column":6},"end":{"line":81,"column":7}},"37":{"start":{"line":74,"column":25},"end":{"line":74,"column":26}},"38":{"start":{"line":75,"column":8},"end":{"line":80,"column":9}},"39":{"start":{"line":78,"column":10},"end":{"line":78,"column":115}},"40":{"start":{"line":79,"column":10},"end":{"line":79,"column":98}},"41":{"start":{"line":84,"column":33},"end":{"line":86,"column":5}},"42":{"start":{"line":85,"column":28},"end":{"line":85,"column":81}},"43":{"start":{"line":85,"column":62},"end":{"line":85,"column":80}},"44":{"start":{"line":87,"column":4},"end":{"line":87,"column":100}},"45":{"start":{"line":87,"column":64},"end":{"line":87,"column":99}},"46":{"start":{"line":88,"column":4},"end":{"line":88,"column":90}},"47":{"start":{"line":91,"column":2},"end":{"line":102,"column":3}},"48":{"start":{"line":91,"column":23},"end":{"line":91,"column":24}},"49":{"start":{"line":92,"column":4},"end":{"line":101,"column":5}},"50":{"start":{"line":92,"column":23},"end":{"line":92,"column":24}},"51":{"start":{"line":93,"column":6},"end":{"line":100,"column":7}},"52":{"start":{"line":94,"column":8},"end":{"line":97,"column":9}},"53":{"start":{"line":96,"column":10},"end":{"line":96,"column":105}},"54":{"start":{"line":98,"column":8},"end":{"line":98,"column":104}},"55":{"start":{"line":99,"column":8},"end":{"line":99,"column":86}},"56":{"start":{"line":104,"column":2},"end":{"line":104,"column":18}},"57":{"start":{"line":110,"column":0},"end":{"line":117,"column":1}}},"fnMap":{"0":{"name":"isPure","decl":{"start":{"line":21,"column":9},"end":{"line":21,"column":15}},"loc":{"start":{"line":21,"column":24},"end":{"line":23,"column":1}},"line":21},"1":{"name":"isClean","decl":{"start":{"line":26,"column":9},"end":{"line":26,"column":16}},"loc":{"start":{"line":26,"column":25},"end":{"line":31,"column":1}},"line":26},"2":{"name":"(anonymous_2)","decl":{"start":{"line":27,"column":35},"end":{"line":27,"column":36}},"loc":{"start":{"line":27,"column":43},"end":{"line":27,"column":93}},"line":27},"3":{"name":"(anonymous_3)","decl":{"start":{"line":28,"column":35},"end":{"line":28,"column":36}},"loc":{"start":{"line":28,"column":43},"end":{"line":28,"column":73}},"line":28},"4":{"name":"computeScore","decl":{"start":{"line":34,"column":9},"end":{"line":34,"column":21}},"loc":{"start":{"line":34,"column":52},"end":{"line":54,"column":1}},"line":34},"5":{"name":"updateScores","decl":{"start":{"line":56,"column":9},"end":{"line":56,"column":21}},"loc":{"start":{"line":56,"column":52},"end":{"line":105,"column":1}},"line":56},"6":{"name":"getOriginalWinners","decl":{"start":{"line":57,"column":11},"end":{"line":57,"column":29}},"loc":{"start":{"line":57,"column":46},"end":{"line":61,"column":3}},"line":57},"7":{"name":"(anonymous_7)","decl":{"start":{"line":59,"column":6},"end":{"line":59,"column":7}},"loc":{"start":{"line":59,"column":28},"end":{"line":59,"column":81}},"line":59},"8":{"name":"(anonymous_8)","decl":{"start":{"line":59,"column":44},"end":{"line":59,"column":45}},"loc":{"start":{"line":59,"column":62},"end":{"line":59,"column":80}},"line":59},"9":{"name":"(anonymous_9)","decl":{"start":{"line":60,"column":10},"end":{"line":60,"column":11}},"loc":{"start":{"line":60,"column":19},"end":{"line":60,"column":28}},"line":60},"10":{"name":"getCurrentWinners","decl":{"start":{"line":62,"column":11},"end":{"line":62,"column":28}},"loc":{"start":{"line":62,"column":43},"end":{"line":64,"column":3}},"line":62},"11":{"name":"(anonymous_11)","decl":{"start":{"line":63,"column":27},"end":{"line":63,"column":28}},"loc":{"start":{"line":63,"column":36},"end":{"line":63,"column":45}},"line":63},"12":{"name":"(anonymous_12)","decl":{"start":{"line":85,"column":6},"end":{"line":85,"column":7}},"loc":{"start":{"line":85,"column":28},"end":{"line":85,"column":81}},"line":85},"13":{"name":"(anonymous_13)","decl":{"start":{"line":85,"column":44},"end":{"line":85,"column":45}},"loc":{"start":{"line":85,"column":62},"end":{"line":85,"column":80}},"line":85},"14":{"name":"(anonymous_14)","decl":{"start":{"line":87,"column":46},"end":{"line":87,"column":47}},"loc":{"start":{"line":87,"column":64},"end":{"line":87,"column":99}},"line":87},"15":{"name":"summarizeScores","decl":{"start":{"line":107,"column":9},"end":{"line":107,"column":24}},"loc":{"start":{"line":107,"column":42},"end":{"line":108,"column":1}},"line":107}},"branchMap":{"0":{"loc":{"start":{"line":22,"column":9},"end":{"line":22,"column":80}},"type":"binary-expr","locations":[{"start":{"line":22,"column":9},"end":{"line":22,"column":27}},{"start":{"line":22,"column":31},"end":{"line":22,"column":52}},{"start":{"line":22,"column":56},"end":{"line":22,"column":80}}],"line":22},"1":{"loc":{"start":{"line":27,"column":43},"end":{"line":27,"column":93}},"type":"binary-expr","locations":[{"start":{"line":27,"column":43},"end":{"line":27,"column":54}},{"start":{"line":27,"column":58},"end":{"line":27,"column":72}},{"start":{"line":27,"column":76},"end":{"line":27,"column":93}}],"line":27},"2":{"loc":{"start":{"line":28,"column":43},"end":{"line":28,"column":73}},"type":"binary-expr","locations":[{"start":{"line":28,"column":43},"end":{"line":28,"column":55}},{"start":{"line":28,"column":59},"end":{"line":28,"column":73}}],"line":28},"3":{"loc":{"start":{"line":30,"column":9},"end":{"line":30,"column":54}},"type":"binary-expr","locations":[{"start":{"line":30,"column":9},"end":{"line":30,"column":28}},{"start":{"line":30,"column":32},"end":{"line":30,"column":54}}],"line":30},"4":{"loc":{"start":{"line":45,"column":2},"end":{"line":51,"column":3}},"type":"if","locations":[{"start":{"line":45,"column":2},"end":{"line":51,"column":3}},{"start":{"line":45,"column":2},"end":{"line":51,"column":3}}],"line":45},"5":{"loc":{"start":{"line":48,"column":9},"end":{"line":51,"column":3}},"type":"if","locations":[{"start":{"line":48,"column":9},"end":{"line":51,"column":3}},{"start":{"line":48,"column":9},"end":{"line":51,"column":3}}],"line":48},"6":{"loc":{"start":{"line":71,"column":2},"end":{"line":89,"column":3}},"type":"if","locations":[{"start":{"line":71,"column":2},"end":{"line":89,"column":3}},{"start":{"line":71,"column":2},"end":{"line":89,"column":3}}],"line":71},"7":{"loc":{"start":{"line":75,"column":8},"end":{"line":80,"column":9}},"type":"if","locations":[{"start":{"line":75,"column":8},"end":{"line":80,"column":9}},{"start":{"line":75,"column":8},"end":{"line":80,"column":9}}],"line":75},"8":{"loc":{"start":{"line":75,"column":12},"end":{"line":76,"column":56}},"type":"binary-expr","locations":[{"start":{"line":75,"column":12},"end":{"line":75,"column":38}},{"start":{"line":75,"column":42},"end":{"line":75,"column":66}},{"start":{"line":76,"column":10},"end":{"line":76,"column":56}}],"line":75},"9":{"loc":{"start":{"line":93,"column":6},"end":{"line":100,"column":7}},"type":"if","locations":[{"start":{"line":93,"column":6},"end":{"line":100,"column":7}},{"start":{"line":93,"column":6},"end":{"line":100,"column":7}}],"line":93},"10":{"loc":{"start":{"line":93,"column":10},"end":{"line":93,"column":64}},"type":"binary-expr","locations":[{"start":{"line":93,"column":10},"end":{"line":93,"column":36}},{"start":{"line":93,"column":40},"end":{"line":93,"column":64}}],"line":93},"11":{"loc":{"start":{"line":94,"column":8},"end":{"line":97,"column":9}},"type":"if","locations":[{"start":{"line":94,"column":8},"end":{"line":97,"column":9}},{"start":{"line":94,"column":8},"end":{"line":97,"column":9}}],"line":94}},"s":{"0":2,"1":2,"2":2,"3":2,"4":10,"5":5,"6":85,"7":5,"8":85,"9":5,"10":5,"11":5,"12":5,"13":5,"14":5,"15":5,"16":5,"17":5,"18":3,"19":3,"20":2,"21":1,"22":1,"23":5,"24":5,"25":15,"26":60,"27":20,"28":5,"29":20,"30":5,"31":5,"32":5,"33":5,"34":3,"35":3,"36":12,"37":12,"38":48,"39":1,"40":1,"41":3,"42":9,"43":36,"44":3,"45":12,"46":3,"47":5,"48":5,"49":20,"50":20,"51":80,"52":5,"53":1,"54":5,"55":5,"56":5,"57":2},"f":{"0":10,"1":5,"2":85,"3":85,"4":5,"5":5,"6":5,"7":15,"8":60,"9":20,"10":5,"11":20,"12":9,"13":36,"14":12,"15":0},"b":{"0":[10,10,10],"1":[85,82,79],"2":[85,79],"3":[5,4],"4":[3,2],"5":[1,1],"6":[3,2],"7":[1,47],"8":[48,12,3],"9":[5,75],"10":[80,20],"11":[1,4]},"_coverageSchema":"43e27e138ebf9cfc5966b082cf9a028302ed4184","hash":"d1852e6fd91416082945154ca9e6800b26e0bc1c"}
,"/home/samuel/Desktop/projects/mahjong/src/utils/index.js": {"path":"/home/samuel/Desktop/projects/mahjong/src/utils/index.js","statementMap":{"0":{"start":{"line":1,"column":13},"end":{"line":36,"column":1}},"1":{"start":{"line":39,"column":2},"end":{"line":39,"column":31}},"2":{"start":{"line":43,"column":2},"end":{"line":43,"column":32}},"3":{"start":{"line":47,"column":2},"end":{"line":47,"column":32}},"4":{"start":{"line":51,"column":2},"end":{"line":51,"column":32}},"5":{"start":{"line":55,"column":2},"end":{"line":55,"column":32}},"6":{"start":{"line":58,"column":0},"end":{"line":66,"column":1}}},"fnMap":{"0":{"name":"isDot","decl":{"start":{"line":38,"column":9},"end":{"line":38,"column":14}},"loc":{"start":{"line":38,"column":22},"end":{"line":40,"column":1}},"line":38},"1":{"name":"isBamboo","decl":{"start":{"line":42,"column":9},"end":{"line":42,"column":17}},"loc":{"start":{"line":42,"column":25},"end":{"line":44,"column":1}},"line":42},"2":{"name":"isCharacter","decl":{"start":{"line":46,"column":9},"end":{"line":46,"column":20}},"loc":{"start":{"line":46,"column":28},"end":{"line":48,"column":1}},"line":46},"3":{"name":"isWind","decl":{"start":{"line":50,"column":9},"end":{"line":50,"column":15}},"loc":{"start":{"line":50,"column":23},"end":{"line":52,"column":1}},"line":50},"4":{"name":"isDragon","decl":{"start":{"line":54,"column":9},"end":{"line":54,"column":17}},"loc":{"start":{"line":54,"column":25},"end":{"line":56,"column":1}},"line":54}},"branchMap":{"0":{"loc":{"start":{"line":39,"column":9},"end":{"line":39,"column":31}},"type":"binary-expr","locations":[{"start":{"line":39,"column":9},"end":{"line":39,"column":18}},{"start":{"line":39,"column":22},"end":{"line":39,"column":31}}],"line":39},"1":{"loc":{"start":{"line":43,"column":9},"end":{"line":43,"column":32}},"type":"binary-expr","locations":[{"start":{"line":43,"column":9},"end":{"line":43,"column":19}},{"start":{"line":43,"column":23},"end":{"line":43,"column":32}}],"line":43},"2":{"loc":{"start":{"line":47,"column":9},"end":{"line":47,"column":32}},"type":"binary-expr","locations":[{"start":{"line":47,"column":9},"end":{"line":47,"column":19}},{"start":{"line":47,"column":23},"end":{"line":47,"column":32}}],"line":47},"3":{"loc":{"start":{"line":51,"column":9},"end":{"line":51,"column":32}},"type":"binary-expr","locations":[{"start":{"line":51,"column":9},"end":{"line":51,"column":19}},{"start":{"line":51,"column":23},"end":{"line":51,"column":32}}],"line":51},"4":{"loc":{"start":{"line":55,"column":9},"end":{"line":55,"column":32}},"type":"binary-expr","locations":[{"start":{"line":55,"column":9},"end":{"line":55,"column":19}},{"start":{"line":55,"column":23},"end":{"line":55,"column":32}}],"line":55}},"s":{"0":2,"1":96,"2":93,"3":217,"4":86,"5":80,"6":2},"f":{"0":96,"1":93,"2":217,"3":86,"4":80},"b":{"0":[96,96],"1":[93,92],"2":[217,214],"3":[86,10],"4":[80,4]},"_coverageSchema":"43e27e138ebf9cfc5966b082cf9a028302ed4184","hash":"6e96b6b10653c22d2258b870fc449cd15bde852f"}
}
