TN:
SF:/home/samuel/Desktop/projects/mahjong/src/utils/hktw_mahjong.js
FN:21,isPure
FN:26,isClean
FN:27,(anonymous_2)
FN:28,(anonymous_3)
FN:34,computeScore
FN:56,updateScores
FN:57,getOriginalWinners
FN:59,(anonymous_7)
FN:59,(anonymous_8)
FN:60,(anonymous_9)
FN:62,getCurrentWinners
FN:63,(anonymous_11)
FN:85,(anonymous_12)
FN:85,(anonymous_13)
FN:87,(anonymous_14)
FN:107,summarizeScores
FNF:16
FNH:15
FNDA:10,isPure
FNDA:5,isClean
FNDA:85,(anonymous_2)
FNDA:85,(anonymous_3)
FNDA:5,computeScore
FNDA:5,updateScores
FNDA:5,getOriginalWinners
FNDA:15,(anonymous_7)
FNDA:60,(anonymous_8)
FNDA:20,(anonymous_9)
FNDA:5,getCurrentWinners
FNDA:20,(anonymous_11)
FNDA:9,(anonymous_12)
FNDA:36,(anonymous_13)
FNDA:12,(anonymous_14)
FNDA:0,summarizeScores
DA:1,2
DA:2,2
DA:4,2
DA:9,2
DA:22,10
DA:27,85
DA:28,85
DA:30,5
DA:35,5
DA:36,5
DA:37,5
DA:39,5
DA:40,5
DA:42,5
DA:43,5
DA:45,5
DA:46,3
DA:47,3
DA:48,2
DA:49,1
DA:50,1
DA:53,5
DA:58,5
DA:59,60
DA:60,20
DA:63,20
DA:66,5
DA:68,5
DA:69,5
DA:71,5
DA:73,3
DA:74,12
DA:75,48
DA:78,1
DA:79,1
DA:84,3
DA:85,36
DA:87,12
DA:88,3
DA:91,5
DA:92,20
DA:93,80
DA:94,5
DA:96,1
DA:98,5
DA:99,5
DA:104,5
DA:110,2
LF:48
LH:48
BRDA:22,0,0,10
BRDA:22,0,1,10
BRDA:22,0,2,10
BRDA:27,1,0,85
BRDA:27,1,1,82
BRDA:27,1,2,79
BRDA:28,2,0,85
BRDA:28,2,1,79
BRDA:30,3,0,5
BRDA:30,3,1,4
BRDA:45,4,0,3
BRDA:45,4,1,2
BRDA:48,5,0,1
BRDA:48,5,1,1
BRDA:71,6,0,3
BRDA:71,6,1,2
BRDA:75,7,0,1
BRDA:75,7,1,47
BRDA:75,8,0,48
BRDA:75,8,1,12
BRDA:75,8,2,3
BRDA:93,9,0,5
BRDA:93,9,1,75
BRDA:93,10,0,80
BRDA:93,10,1,20
BRDA:94,11,0,1
BRDA:94,11,1,4
BRF:27
BRH:27
end_of_record
TN:
SF:/home/samuel/Desktop/projects/mahjong/src/utils/index.js
FN:38,isDot
FN:42,isBamboo
FN:46,isCharacter
FN:50,isWind
FN:54,isDragon
FNF:5
FNH:5
FNDA:96,isDot
FNDA:93,isBamboo
FNDA:217,isCharacter
FNDA:86,isWind
FNDA:80,isDragon
DA:1,2
DA:39,96
DA:43,93
DA:47,217
DA:51,86
DA:55,80
DA:58,2
LF:7
LH:7
BRDA:39,0,0,96
BRDA:39,0,1,96
BRDA:43,1,0,93
BRDA:43,1,1,92
BRDA:47,2,0,217
BRDA:47,2,1,214
BRDA:51,3,0,86
BRDA:51,3,1,10
BRDA:55,4,0,80
BRDA:55,4,1,4
BRF:10
BRH:10
end_of_record
